
> next_travel@0.1.0 build
> next build

   Ôû▓ Next.js 16.0.10 (Turbopack)
   - Environments: .env.local

   Creating an optimized production build ...
 Ô£ô Compiled successfully in 17.6s
   Running TypeScript ...
node.exe : Failed to 
compile.
At C:\nvm4w\nodejs\np
m.ps1:16 char:5
+     & 
"$basedir/node$exe"  
"$basedir/node_module
s/npm/bin/npm-cli.js"
 ...
+     ~~~~~~~~~~~~~~~
~~~~~~~~~~~~~~~~~~~~~
~~~~~~~~~~~~~~~~~~~~~
~~~~~~~~
    + CategoryInfo   
           : NotSpe  
  cified: (Failed    
 to compile.:Stri    
ng) [], RemoteEx    
ception
    + FullyQualified 
   ErrorId : Native  
  CommandError
 

.next/types/validator
.ts:171:31
Type error: Type 
'typeof import("C:/Us
ers/Lenovo/bilal_proj
ect/next_travel/app/a
pi/comments/[placeId]
/route")' does not 
satisfy the 
constraint 'RouteHand
lerConfig<"/api/comme
nts/[placeId]">'.
  Types of property 
'GET' are 
incompatible.
    Type '(request: 
Request, { params }: 
{ params: { placeId: 
string; }; }) => Prom
ise<NextResponse<any[
]> | NextResponse<{ 
error: string; }>>' 
is not assignable to 
type '(request: 
NextRequest, 
context: { params: 
Promise<{ placeId: 
string; }>; }) => 
void | Response | 
Promise<void | 
Response>'.
      Types of 
parameters '__1' and 
'context' are 
incompatible.
        Type '{ 
params: Promise<{ 
placeId: string; }>; 
}' is not assignable 
to type '{ params: { 
placeId: string; }; 
}'.
          Types of 
property 'params' 
are incompatible.
            Property 
'placeId' is missing 
in type 'Promise<{ 
placeId: string; }>' 
but required in type 
'{ placeId: string; 
}'.

[0m [90m 169 
|[39m   type __IsExp
ected[33m<[39m[33m
Specific[39m 
[36mextends[39m [3
3mRouteHandlerConfig
[39m[33m<[39m[32m"
/api/comments/[placeI
d]"[39m[33m>>[39m 
[33m=[39m 
[33mSpecific[39m
 [90m 170 |[39m   
[36mconst[39m 
handler [33m=[39m 
{} [36mas[39m 
[36mtypeof[39m [36
mimport[39m([32m"..
/../app/api/comments/
[placeId]/route.js"[
39m)
[31m[1m>[22m[39m
[90m 171 |[39m   
type __Check 
[33m=[39m __IsExpec
ted[33m<[39m[36mty
peof[39m 
handler[33m>[39m
 [90m     |[39m    
                     
      
[31m[1m^[22m[39m
 [90m 172 |[39m   
[90m// 
@ts-ignore[39m
 [90m 173 |[39m   
type __Unused 
[33m=[39m __Check
 [90m 174 |[39m 
}[0m
Next.js build worker 
exited with code: 1 
and signal: null
